AutoECO Report
FILE-A: C:\SAD\TRAB1\PENDULO.MAX
FILE-B: C:\SAD\TRAB1\PENDULO.MNL
If "*EOF*" immediately follows, no changes were made
Adding footprint AX/RC05
Adding footprint RAD/CK05
Adding footprint CPAX/.575X.150/.031
Adding footprint DISC/.350X.175/LS.200X.100/.034
Adding footprint TO92
Adding package BC547C
Adding package R
Adding package C
Adding package C_ELECT
Adding package LM358
Adding package L
Adding package POT
Adding package J2N3819
Adding component Q1
Adding component Q2
Adding component R1
Adding component R2
Adding component R3
Adding component R4
Adding component C1
Adding component C2
Adding component R9
Adding component C4
Adding component U1
ERROR: No footprint found for comp U1
Adding component R10
Adding component R11
Adding component R12
Adding component R13
Adding component R16
Adding component C3
Adding component C5
Adding component R17
Adding component L1
Adding component L2
Adding component R18
Adding component R19
Adding component R21
ERROR: No footprint found for comp R21
Adding component L3
Adding component R22
ERROR: No footprint found for comp R22
Adding component R5
Adding component R6
Adding component J1
Adding component R7
Adding component R8
*EOF*
Unable to complete ECO due to errors
3 errors found
